<?xml version="1.0" encoding="UTF-8"?>
<testsuite name="ru.netology.tests.TourServiceTest" tests="5" skipped="0" failures="0" errors="0" timestamp="2024-02-27T08:26:02" hostname="DESKTOP-MBK3APQ" time="42.659">
  <properties/>
  <testcase name="[1] 000" classname="ru.netology.tests.TourServiceTest" time="10.983"/>
  <testcase name="[2] 001" classname="ru.netology.tests.TourServiceTest" time="8.502"/>
  <testcase name="[3] 002" classname="ru.netology.tests.TourServiceTest" time="7.298"/>
  <testcase name="[4] 998" classname="ru.netology.tests.TourServiceTest" time="4.863"/>
  <testcase name="[5] 999" classname="ru.netology.tests.TourServiceTest" time="10.989"/>
  <system-out><![CDATA[]]></system-out>
  <system-err><![CDATA[февр. 27, 2024 12:26:08 PM org.openqa.selenium.devtools.CdpVersionFinder findNearestMatch
WARNING: Unable to find CDP implementation matching 121
февр. 27, 2024 12:26:08 PM org.openqa.selenium.chromium.ChromiumDriver lambda$new$5
WARNING: Unable to find version of CDP to use for 121.0.6167.189. You may need to include a dependency on a specific version of the CDP using something similar to `org.seleniumhq.selenium:selenium-devtools-v86:4.11.0` where the version ("v86") matches the version of the chromium-based browser you're using and the version number of the artifact is the same as Selenium's.
]]></system-err>
</testsuite>
